<?xml version="1.0" encoding="utf-8"?><testsuites><testsuite errors="0" failures="1" hostname="SPBNB-PRC1220" name="pytest" skipped="0" tests="4" time="29.291" timestamp="2020-08-14T19:35:36.869281"><testcase classname="bdd.group_scenarios" file="..\..\shiningpanda\jobs\5b4a7ae6\virtualenvs\d41d8cd9\lib\site-packages\pytest_bdd\scenario.py" line="197" name="test_add_new_group[name1-header1-footer1]" time="13.114"></testcase><testcase classname="bdd.group_scenarios" file="..\..\shiningpanda\jobs\5b4a7ae6\virtualenvs\d41d8cd9\lib\site-packages\pytest_bdd\scenario.py" line="197" name="test_add_new_group[name2-header2-footer2]" time="1.498"></testcase><testcase classname="bdd.group_scenarios" file="..\..\shiningpanda\jobs\5b4a7ae6\virtualenvs\d41d8cd9\lib\site-packages\pytest_bdd\scenario.py" line="197" name="test_delete_group" time="0.739"></testcase><testcase classname="bdd.group_scenarios" file="..\..\shiningpanda\jobs\5b4a7ae6\virtualenvs\d41d8cd9\lib\site-packages\pytest_bdd\scenario.py" line="197" name="test_modify_group[name1-header2-footer2]" time="13.625"><failure message="selenium.common.exceptions.NoSuchElementException: Message: Unable to locate element: input[value=&apos;90: name1: header2: footer2&apos;]">request = &lt;FixtureRequest for &lt;Function test_modify_group[name1-header2-footer2]&gt;&gt;

    @pytest.mark.usefixtures(*function_args)
    def scenario_wrapper(request):
&gt;       _execute_scenario(feature, scenario, request, encoding)

..\..\shiningpanda\jobs\5b4a7ae6\virtualenvs\d41d8cd9\lib\site-packages\pytest_bdd\scenario.py:200: 
_ _ _ _ _ _ _ _ _ _ _ _ _ _ _ _ _ _ _ _ _ _ _ _ _ _ _ _ _ _ _ _ _ _ _ _ _ _ _ _
..\..\shiningpanda\jobs\5b4a7ae6\virtualenvs\d41d8cd9\lib\site-packages\pytest_bdd\scenario.py:166: in _execute_scenario
    _execute_step_function(request, scenario, step, step_func)
..\..\shiningpanda\jobs\5b4a7ae6\virtualenvs\d41d8cd9\lib\site-packages\pytest_bdd\scenario.py:115: in _execute_step_function
    step_func(**kwargs)
bdd\group_steps.py:64: in modify_group
    app.group.modify_group_by_id(group_modify.id, group_modify)
fixture\group.py:81: in modify_group_by_id
    self.select_group_by_id(id)
fixture\group.py:76: in select_group_by_id
    wd.find_element_by_css_selector(&quot;input[value=&apos;%s&apos;]&quot; % id).click()
..\..\shiningpanda\jobs\5b4a7ae6\virtualenvs\d41d8cd9\lib\site-packages\selenium\webdriver\remote\webdriver.py:598: in find_element_by_css_selector
    return self.find_element(by=By.CSS_SELECTOR, value=css_selector)
..\..\shiningpanda\jobs\5b4a7ae6\virtualenvs\d41d8cd9\lib\site-packages\selenium\webdriver\remote\webdriver.py:976: in find_element
    return self.execute(Command.FIND_ELEMENT, {
..\..\shiningpanda\jobs\5b4a7ae6\virtualenvs\d41d8cd9\lib\site-packages\selenium\webdriver\remote\webdriver.py:321: in execute
    self.error_handler.check_response(response)
_ _ _ _ _ _ _ _ _ _ _ _ _ _ _ _ _ _ _ _ _ _ _ _ _ _ _ _ _ _ _ _ _ _ _ _ _ _ _ _

self = &lt;selenium.webdriver.remote.errorhandler.ErrorHandler object at 0x03BB3E98&gt;
response = {&apos;status&apos;: 404, &apos;value&apos;: &apos;{&quot;value&quot;:{&quot;error&quot;:&quot;no such element&quot;,&quot;message&quot;:&quot;Unable to locate element: input[value=\&apos;90: n...ror@chrome://marionette/content/error.js:387:5\\nelement.find/&lt;/&lt;@chrome://marionette/content/element.js:330:16\\n&quot;}}&apos;}

    def check_response(self, response):
        &quot;&quot;&quot;
        Checks that a JSON response from the WebDriver does not have an error.
    
        :Args:
         - response - The JSON response from the WebDriver server as a dictionary
           object.
    
        :Raises: If the response contains an error message.
        &quot;&quot;&quot;
        status = response.get(&apos;status&apos;, None)
        if status is None or status == ErrorCode.SUCCESS:
            return
        value = None
        message = response.get(&quot;message&quot;, &quot;&quot;)
        screen = response.get(&quot;screen&quot;, &quot;&quot;)
        stacktrace = None
        if isinstance(status, int):
            value_json = response.get(&apos;value&apos;, None)
            if value_json and isinstance(value_json, basestring):
                import json
                try:
                    value = json.loads(value_json)
                    if len(value.keys()) == 1:
                        value = value[&apos;value&apos;]
                    status = value.get(&apos;error&apos;, None)
                    if status is None:
                        status = value[&quot;status&quot;]
                        message = value[&quot;value&quot;]
                        if not isinstance(message, basestring):
                            value = message
                            message = message.get(&apos;message&apos;)
                    else:
                        message = value.get(&apos;message&apos;, None)
                except ValueError:
                    pass
    
        exception_class = ErrorInResponseException
        if status in ErrorCode.NO_SUCH_ELEMENT:
            exception_class = NoSuchElementException
        elif status in ErrorCode.NO_SUCH_FRAME:
            exception_class = NoSuchFrameException
        elif status in ErrorCode.NO_SUCH_WINDOW:
            exception_class = NoSuchWindowException
        elif status in ErrorCode.STALE_ELEMENT_REFERENCE:
            exception_class = StaleElementReferenceException
        elif status in ErrorCode.ELEMENT_NOT_VISIBLE:
            exception_class = ElementNotVisibleException
        elif status in ErrorCode.INVALID_ELEMENT_STATE:
            exception_class = InvalidElementStateException
        elif status in ErrorCode.INVALID_SELECTOR \
                or status in ErrorCode.INVALID_XPATH_SELECTOR \
                or status in ErrorCode.INVALID_XPATH_SELECTOR_RETURN_TYPER:
            exception_class = InvalidSelectorException
        elif status in ErrorCode.ELEMENT_IS_NOT_SELECTABLE:
            exception_class = ElementNotSelectableException
        elif status in ErrorCode.ELEMENT_NOT_INTERACTABLE:
            exception_class = ElementNotInteractableException
        elif status in ErrorCode.INVALID_COOKIE_DOMAIN:
            exception_class = InvalidCookieDomainException
        elif status in ErrorCode.UNABLE_TO_SET_COOKIE:
            exception_class = UnableToSetCookieException
        elif status in ErrorCode.TIMEOUT:
            exception_class = TimeoutException
        elif status in ErrorCode.SCRIPT_TIMEOUT:
            exception_class = TimeoutException
        elif status in ErrorCode.UNKNOWN_ERROR:
            exception_class = WebDriverException
        elif status in ErrorCode.UNEXPECTED_ALERT_OPEN:
            exception_class = UnexpectedAlertPresentException
        elif status in ErrorCode.NO_ALERT_OPEN:
            exception_class = NoAlertPresentException
        elif status in ErrorCode.IME_NOT_AVAILABLE:
            exception_class = ImeNotAvailableException
        elif status in ErrorCode.IME_ENGINE_ACTIVATION_FAILED:
            exception_class = ImeActivationFailedException
        elif status in ErrorCode.MOVE_TARGET_OUT_OF_BOUNDS:
            exception_class = MoveTargetOutOfBoundsException
        elif status in ErrorCode.JAVASCRIPT_ERROR:
            exception_class = JavascriptException
        elif status in ErrorCode.SESSION_NOT_CREATED:
            exception_class = SessionNotCreatedException
        elif status in ErrorCode.INVALID_ARGUMENT:
            exception_class = InvalidArgumentException
        elif status in ErrorCode.NO_SUCH_COOKIE:
            exception_class = NoSuchCookieException
        elif status in ErrorCode.UNABLE_TO_CAPTURE_SCREEN:
            exception_class = ScreenshotException
        elif status in ErrorCode.ELEMENT_CLICK_INTERCEPTED:
            exception_class = ElementClickInterceptedException
        elif status in ErrorCode.INSECURE_CERTIFICATE:
            exception_class = InsecureCertificateException
        elif status in ErrorCode.INVALID_COORDINATES:
            exception_class = InvalidCoordinatesException
        elif status in ErrorCode.INVALID_SESSION_ID:
            exception_class = InvalidSessionIdException
        elif status in ErrorCode.UNKNOWN_METHOD:
            exception_class = UnknownMethodException
        else:
            exception_class = WebDriverException
        if value == &apos;&apos; or value is None:
            value = response[&apos;value&apos;]
        if isinstance(value, basestring):
            if exception_class == ErrorInResponseException:
                raise exception_class(response, value)
            raise exception_class(value)
        if message == &quot;&quot; and &apos;message&apos; in value:
            message = value[&apos;message&apos;]
    
        screen = None
        if &apos;screen&apos; in value:
            screen = value[&apos;screen&apos;]
    
        stacktrace = None
        if &apos;stackTrace&apos; in value and value[&apos;stackTrace&apos;]:
            stacktrace = []
            try:
                for frame in value[&apos;stackTrace&apos;]:
                    line = self._value_or_default(frame, &apos;lineNumber&apos;, &apos;&apos;)
                    file = self._value_or_default(frame, &apos;fileName&apos;, &apos;&lt;anonymous&gt;&apos;)
                    if line:
                        file = &quot;%s:%s&quot; % (file, line)
                    meth = self._value_or_default(frame, &apos;methodName&apos;, &apos;&lt;anonymous&gt;&apos;)
                    if &apos;className&apos; in frame:
                        meth = &quot;%s.%s&quot; % (frame[&apos;className&apos;], meth)
                    msg = &quot;    at %s (%s)&quot;
                    msg = msg % (meth, file)
                    stacktrace.append(msg)
            except TypeError:
                pass
        if exception_class == ErrorInResponseException:
            raise exception_class(response, message)
        elif exception_class == UnexpectedAlertPresentException:
            alert_text = None
            if &apos;data&apos; in value:
                alert_text = value[&apos;data&apos;].get(&apos;text&apos;)
            elif &apos;alert&apos; in value:
                alert_text = value[&apos;alert&apos;].get(&apos;text&apos;)
            raise exception_class(message, screen, stacktrace, alert_text)
&gt;       raise exception_class(message, screen, stacktrace)
E       selenium.common.exceptions.NoSuchElementException: Message: Unable to locate element: input[value=&apos;90: name1: header2: footer2&apos;]

..\..\shiningpanda\jobs\5b4a7ae6\virtualenvs\d41d8cd9\lib\site-packages\selenium\webdriver\remote\errorhandler.py:242: NoSuchElementException</failure></testcase></testsuite></testsuites>